SF:lib/providers/reminder_provider.dart
DA:9,2
DA:11,1
DA:12,1
DA:15,1
DA:16,3
DA:17,1
DA:20,1
DA:21,1
DA:24,2
DA:25,1
DA:28,1
DA:29,3
DA:30,1
LF:13
LH:13
end_of_record
SF:lib/services/database_service.dart
DA:10,15
DA:12,5
DA:14,5
DA:16,5
DA:20,5
DA:21,5
DA:22,5
DA:23,5
DA:26,0
DA:27,0
DA:39,0
DA:46,0
DA:55,0
DA:67,5
DA:68,5
DA:69,5
DA:72,4
DA:74,4
DA:75,8
DA:78,5
DA:79,5
DA:80,10
DA:83,5
DA:85,5
DA:86,5
DA:89,3
DA:90,3
DA:91,6
DA:92,6
DA:97,4
DA:98,8
DA:101,2
DA:102,2
DA:103,6
DA:106,3
DA:107,3
DA:108,3
DA:111,1
DA:112,1
DA:113,1
DA:116,2
DA:117,6
DA:120,2
DA:121,2
DA:126,2
DA:127,4
DA:130,2
DA:131,2
DA:132,8
DA:135,2
DA:136,2
DA:141,2
DA:142,6
DA:143,2
DA:144,2
DA:145,4
DA:148,1
DA:149,1
DA:152,2
DA:153,2
DA:154,8
DA:157,2
DA:158,2
DA:159,2
DA:162,2
DA:163,2
DA:164,2
DA:165,2
DA:166,2
DA:169,2
DA:170,2
DA:171,4
DA:172,4
DA:173,0
DA:174,6
DA:175,2
DA:178,1
DA:179,1
DA:181,5
DA:182,2
DA:186,5
DA:187,2
DA:188,1
DA:189,2
DA:192,2
DA:193,2
DA:194,4
DA:197,2
DA:198,2
DA:201,2
DA:202,2
DA:203,4
DA:204,2
DA:205,8
DA:207,4
DA:208,2
DA:209,2
DA:210,2
DA:211,2
DA:212,4
DA:219,2
DA:220,6
DA:221,2
DA:222,2
DA:223,4
DA:226,1
DA:227,1
DA:230,2
DA:231,2
DA:232,8
DA:235,2
DA:236,2
DA:237,2
DA:240,2
DA:241,2
DA:242,2
DA:243,2
DA:244,2
DA:247,2
DA:248,2
DA:250,8
DA:251,6
DA:252,2
DA:255,1
DA:256,1
DA:257,5
DA:258,2
DA:261,5
DA:262,2
DA:263,3
DA:266,2
DA:267,2
DA:268,4
DA:271,2
DA:272,2
DA:275,2
DA:276,2
DA:277,4
DA:278,2
DA:279,8
DA:281,4
DA:282,2
DA:283,2
DA:284,2
DA:285,2
DA:286,4
DA:293,3
DA:294,3
DA:295,3
DA:296,6
DA:297,3
DA:298,3
DA:299,6
DA:300,9
DA:301,3
LF:155
LH:149
end_of_record
SF:lib/models/reminder.dart
DA:5,3
DA:10,3
DA:11,3
DA:12,3
DA:13,3
DA:17,3
DA:18,3
DA:19,3
DA:20,3
LF:9
LH:9
end_of_record
SF:lib/models/emotion.dart
DA:7,3
DA:14,3
DA:15,3
DA:16,3
DA:17,3
DA:18,3
DA:19,3
DA:23,3
DA:24,3
DA:25,3
DA:26,3
DA:27,3
DA:28,3
DA:32,2
DA:33,2
DA:34,2
DA:35,2
DA:36,2
DA:37,2
LF:19
LH:19
end_of_record
SF:lib/models/entry.dart
DA:10,5
DA:20,5
DA:21,5
DA:22,5
DA:23,5
DA:24,5
DA:25,5
DA:26,5
DA:27,5
DA:28,5
DA:32,4
DA:33,4
DA:34,4
DA:35,4
DA:36,4
DA:37,4
DA:38,4
DA:39,4
DA:40,4
DA:44,3
DA:53,3
DA:54,2
DA:55,2
DA:56,3
DA:57,3
DA:58,3
DA:59,3
DA:60,3
LF:28
LH:28
end_of_record
SF:lib/models/tag.dart
DA:7,3
DA:14,3
DA:15,3
DA:16,3
DA:17,3
DA:18,3
DA:19,3
DA:23,3
DA:24,3
DA:25,3
DA:26,3
DA:27,3
DA:28,3
DA:32,2
DA:33,2
DA:34,2
DA:35,2
DA:36,2
DA:37,2
LF:19
LH:19
end_of_record
SF:lib/providers/entry_provider.dart
DA:18,2
DA:19,2
DA:20,2
DA:21,2
DA:22,2
DA:24,1
DA:25,1
DA:28,1
DA:30,3
DA:32,0
DA:34,4
DA:35,1
DA:39,1
DA:40,1
DA:41,1
DA:42,4
DA:43,1
DA:46,1
DA:47,1
DA:48,6
DA:49,2
DA:50,5
DA:51,1
DA:52,4
DA:53,1
DA:56,1
DA:57,1
DA:58,4
DA:59,5
DA:60,4
DA:61,1
DA:64,1
DA:65,2
DA:66,3
DA:67,4
DA:68,1
DA:71,1
DA:72,2
DA:73,5
DA:74,4
DA:75,1
DA:78,1
DA:79,5
DA:80,2
DA:81,1
DA:85,1
DA:86,2
DA:87,2
DA:88,4
DA:89,1
DA:93,1
DA:95,4
DA:96,1
DA:97,3
DA:99,3
DA:101,2
DA:103,2
DA:104,2
DA:105,1
DA:108,1
DA:109,1
DA:111,2
DA:112,6
DA:113,1
DA:114,1
DA:122,1
DA:123,2
LF:67
LH:66
end_of_record
SF:lib/providers/factor_provider.dart
DA:6,2
DA:8,1
DA:9,1
DA:12,1
DA:13,1
DA:16,1
DA:17,1
DA:18,1
DA:21,1
DA:22,1
DA:23,1
LF:11
LH:11
end_of_record
SF:lib/providers/emotion_provider.dart
DA:11,2
DA:12,2
DA:13,2
DA:15,1
DA:16,1
DA:20,1
DA:21,4
DA:24,2
DA:25,2
DA:26,3
DA:30,1
DA:31,1
DA:33,1
DA:34,7
DA:35,3
DA:36,1
DA:38,1
DA:44,1
DA:45,2
DA:46,3
DA:47,5
DA:48,1
DA:51,1
DA:52,3
DA:53,2
DA:54,3
DA:55,1
DA:56,1
DA:59,1
DA:60,3
DA:61,1
DA:62,1
DA:65,1
DA:66,2
DA:67,1
DA:70,1
DA:71,3
DA:72,1
DA:75,1
DA:76,3
DA:77,1
DA:80,1
DA:81,2
DA:82,2
DA:83,1
DA:86,1
DA:87,3
DA:88,1
DA:91,1
DA:92,2
DA:93,1
DA:96,1
DA:97,2
DA:98,1
LF:54
LH:54
end_of_record
SF:lib/colors.dart
DA:22,3
LF:1
LH:1
end_of_record
SF:lib/providers/tag_provider.dart
DA:11,2
DA:12,2
DA:13,2
DA:15,1
DA:16,1
DA:19,1
DA:21,4
DA:25,2
DA:26,2
DA:28,3
DA:33,1
DA:34,1
DA:37,1
DA:38,7
DA:39,3
DA:40,1
DA:43,1
DA:48,1
DA:50,1
DA:51,5
DA:53,2
DA:54,4
DA:56,2
DA:57,2
DA:58,6
DA:59,1
DA:60,1
DA:63,1
DA:64,3
DA:65,2
DA:66,2
DA:67,6
DA:68,1
DA:69,1
DA:72,1
DA:73,2
DA:74,1
DA:77,1
DA:78,3
DA:79,1
DA:82,1
DA:83,3
DA:84,1
DA:87,1
DA:88,2
DA:89,2
DA:90,1
DA:93,1
DA:94,3
DA:95,1
DA:98,1
DA:99,2
DA:100,1
DA:103,1
DA:104,2
DA:105,1
LF:56
LH:56
end_of_record
