SF:lib/providers/reminder_provider.dart
DA:9,2
DA:11,1
DA:12,1
DA:15,1
DA:16,3
DA:17,1
DA:20,1
DA:21,1
DA:24,2
DA:25,1
DA:28,1
DA:29,3
DA:30,1
LF:13
LH:13
end_of_record
SF:lib/services/database_service.dart
DA:10,15
DA:12,5
DA:14,5
DA:16,5
DA:20,5
DA:21,5
DA:22,5
DA:23,5
DA:26,0
DA:27,0
DA:39,0
DA:46,0
DA:55,0
DA:67,3
DA:68,3
DA:69,3
DA:72,4
DA:74,4
DA:75,8
DA:78,5
DA:79,5
DA:80,10
DA:83,5
DA:85,5
DA:86,5
DA:89,3
DA:90,3
DA:91,6
DA:92,6
DA:97,2
DA:98,4
DA:101,2
DA:102,2
DA:103,6
DA:106,1
DA:107,1
DA:108,1
DA:111,1
DA:112,1
DA:113,1
DA:116,2
DA:117,6
DA:120,2
DA:121,2
DA:126,2
DA:127,4
DA:130,2
DA:131,2
DA:132,8
DA:135,2
DA:136,2
DA:141,2
DA:142,6
DA:143,2
DA:144,2
DA:145,4
DA:148,1
DA:149,1
DA:152,2
DA:153,2
DA:154,8
DA:157,2
DA:158,2
DA:159,2
DA:162,2
DA:163,2
DA:164,2
DA:165,2
DA:166,2
DA:169,2
DA:170,2
DA:171,4
DA:172,4
DA:173,0
DA:174,6
DA:175,2
DA:178,1
DA:179,1
DA:181,5
DA:182,2
DA:186,5
DA:187,2
DA:188,1
DA:189,2
DA:192,1
DA:193,1
DA:194,2
DA:197,1
DA:198,1
DA:201,1
DA:202,1
DA:203,2
DA:204,1
DA:205,4
DA:207,2
DA:208,1
DA:209,1
DA:210,1
DA:211,1
DA:212,2
DA:219,2
DA:220,6
DA:221,2
DA:222,2
DA:223,4
DA:226,1
DA:227,1
DA:230,2
DA:231,2
DA:232,8
DA:235,2
DA:236,2
DA:237,2
DA:240,2
DA:241,2
DA:242,2
DA:243,2
DA:244,2
DA:247,2
DA:248,2
DA:250,8
DA:251,6
DA:252,2
DA:255,1
DA:256,1
DA:257,5
DA:258,2
DA:261,5
DA:262,2
DA:263,3
DA:266,1
DA:267,1
DA:268,2
DA:271,1
DA:272,1
DA:275,1
DA:276,1
DA:277,2
DA:278,1
DA:279,4
DA:281,2
DA:282,1
DA:283,1
DA:284,1
DA:285,1
DA:286,2
DA:293,1
DA:294,1
DA:295,1
DA:296,2
DA:297,1
DA:298,1
DA:299,2
DA:300,3
DA:301,1
LF:155
LH:149
end_of_record
SF:lib/models/reminder.dart
DA:5,3
DA:10,3
DA:11,3
DA:12,3
DA:13,3
DA:17,3
DA:18,3
DA:19,3
DA:20,3
LF:9
LH:9
end_of_record
SF:lib/models/emotion.dart
DA:7,3
DA:14,3
DA:15,3
DA:16,3
DA:17,3
DA:18,3
DA:19,3
DA:23,3
DA:24,3
DA:25,3
DA:26,3
DA:27,3
DA:28,3
DA:32,2
DA:33,2
DA:34,2
DA:35,2
DA:36,2
DA:37,2
LF:19
LH:19
end_of_record
SF:lib/models/entry.dart
DA:10,3
DA:20,3
DA:21,3
DA:22,3
DA:23,3
DA:24,3
DA:25,3
DA:26,3
DA:27,3
DA:28,3
DA:32,2
DA:33,2
DA:34,2
DA:35,2
DA:36,2
DA:37,2
DA:38,2
DA:39,2
DA:40,2
DA:44,3
DA:53,3
DA:54,2
DA:55,2
DA:56,3
DA:57,3
DA:58,3
DA:59,3
DA:60,3
LF:28
LH:28
end_of_record
SF:lib/models/tag.dart
DA:7,3
DA:14,3
DA:15,3
DA:16,3
DA:17,3
DA:18,3
DA:19,3
DA:23,3
DA:24,3
DA:25,3
DA:26,3
DA:27,3
DA:28,3
DA:32,2
DA:33,2
DA:34,2
DA:35,2
DA:36,2
DA:37,2
LF:19
LH:19
end_of_record
SF:lib/providers/factor_provider.dart
DA:6,2
DA:8,1
DA:9,1
DA:12,1
DA:13,1
DA:16,1
DA:17,1
DA:18,1
DA:21,1
DA:22,1
DA:23,1
LF:11
LH:11
end_of_record
SF:lib/providers/emotion_provider.dart
DA:11,2
DA:12,2
DA:13,2
DA:15,1
DA:16,1
DA:20,1
DA:21,4
DA:24,2
DA:25,2
DA:26,3
DA:30,1
DA:31,1
DA:33,1
DA:34,7
DA:35,3
DA:36,1
DA:38,1
DA:44,1
DA:45,2
DA:46,3
DA:47,5
DA:48,1
DA:51,1
DA:52,3
DA:53,2
DA:54,3
DA:55,1
DA:56,1
DA:59,0
DA:60,0
DA:61,0
DA:62,0
DA:65,1
DA:66,2
DA:67,1
DA:70,1
DA:71,3
DA:72,1
DA:75,0
DA:76,0
DA:77,0
DA:80,1
DA:81,2
DA:82,2
DA:83,1
DA:86,0
DA:87,0
DA:88,0
DA:91,0
DA:92,0
DA:93,0
DA:96,0
DA:97,0
DA:98,0
LF:54
LH:38
end_of_record
SF:lib/colors.dart
DA:22,3
LF:1
LH:1
end_of_record
SF:lib/providers/tag_provider.dart
DA:11,2
DA:12,2
DA:13,2
DA:15,1
DA:16,1
DA:19,1
DA:21,4
DA:25,2
DA:26,2
DA:28,3
DA:33,1
DA:34,1
DA:37,1
DA:38,7
DA:39,3
DA:40,1
DA:43,1
DA:48,1
DA:50,1
DA:51,5
DA:53,2
DA:54,4
DA:56,2
DA:57,2
DA:58,6
DA:59,1
DA:60,1
DA:63,0
DA:64,0
DA:65,0
DA:66,0
DA:67,0
DA:68,0
DA:69,0
DA:72,1
DA:73,2
DA:74,1
DA:77,1
DA:78,3
DA:79,1
DA:82,0
DA:83,0
DA:84,0
DA:87,1
DA:88,2
DA:89,2
DA:90,1
DA:93,0
DA:94,0
DA:95,0
DA:96,0
DA:97,0
DA:100,0
DA:101,0
DA:102,0
DA:105,0
DA:106,0
DA:107,0
LF:58
LH:37
end_of_record
SF:lib/providers/entry_provider.dart
DA:18,2
DA:19,2
DA:20,0
DA:21,0
DA:22,0
DA:24,1
DA:25,1
DA:28,1
DA:30,3
DA:32,0
DA:34,4
DA:35,1
DA:39,1
DA:40,1
DA:41,1
DA:42,4
DA:43,1
DA:46,0
DA:47,0
DA:48,0
DA:49,0
DA:50,0
DA:51,0
DA:52,0
DA:53,0
DA:56,0
DA:57,0
DA:58,0
DA:59,0
DA:60,0
DA:61,0
DA:64,1
DA:65,2
DA:66,3
DA:67,4
DA:68,1
DA:71,1
DA:72,2
DA:73,5
DA:74,4
DA:75,1
DA:78,1
DA:79,5
DA:80,2
DA:81,1
DA:85,1
DA:86,2
DA:87,2
DA:88,4
DA:89,1
DA:93,0
DA:94,0
DA:95,0
DA:96,0
DA:97,0
DA:101,1
DA:103,4
DA:104,1
DA:105,3
DA:107,3
DA:109,2
DA:111,2
DA:112,2
DA:113,1
DA:116,0
DA:117,0
DA:119,0
DA:120,0
DA:121,0
DA:122,0
DA:130,1
DA:131,2
LF:72
LH:43
end_of_record
